<component name="libraryTable">
  <library name="junit-jupiter-engine-5.10.3">
    <CLASSES>
      <root url="jar://$USER_HOME$/Documents/Dependences/junit-jupiter-engine-5.10.3.jar!/" />
    </CLASSES>
    <JAVADOC />
    <SOURCES />
  </library>
</component>